<?xml version="1.0" encoding="UTF-8"?>
<!-- Generated by org.testng.reporters.JUnitReportReporter -->
<testsuite hostname="Ashok-PC" name="com.volksoft.qa.testcases.HomePageTest" tests="1" failures="0" timestamp="15 Aug 2018 07:55:06 GMT" time="32.142" errors="0">
  <testcase name="ClickonAdminPage" time="32.142" classname="com.volksoft.qa.testcases.HomePageTest"/>
</testsuite> <!-- com.volksoft.qa.testcases.HomePageTest -->
