<?xml version="1.0" encoding="UTF-8"?>
<!-- Generated by org.testng.reporters.JUnitReportReporter -->
<testsuite hostname="Ashok-PC" name="com.volksoft.qa.testcases.AdminPageTest" tests="1" failures="0" timestamp="17 Aug 2018 01:23:13 GMT" time="39.983" errors="0">
  <testcase name="verifyuserspage" time="39.983" classname="com.volksoft.qa.testcases.AdminPageTest"/>
</testsuite> <!-- com.volksoft.qa.testcases.AdminPageTest -->
